<?xml version="1.0" encoding="UTF-8"?>
<!-- Generated by org.testng.reporters.JUnitXMLReporter -->
<testsuite ignored="0" hostname="DESKTOP-4VC4PCR" failures="0" tests="11" name="Cart Crud Operations Test" time="106.528" errors="0" timestamp="2023-11-23T15:03:27 EET">
  <testcase classname="test.CartTest" name="closeNewsLetterPopup" time="2.21"/>
  <testcase classname="test.CartTest" name="ClickOnEmptyCart" time="7.442"/>
  <testcase classname="test.CartTest" name="addItemToCart" time="16.526"/>
  <testcase classname="test.CartTest" name="increaseItemQuantityFromSingleProductPage" time="3.163"/>
  <testcase classname="test.CartTest" name="decreaseItemQuantityFromSingleProductPage" time="5.11"/>
  <testcase classname="test.CartTest" name="addAnotherItemToCart" time="29.42"/>
  <testcase classname="test.CartTest" name="openCartPage" time="8.664"/>
  <testcase classname="test.CartTest" name="increaseItemQuantityFromCartPage" time="6.29"/>
  <testcase classname="test.CartTest" name="decreaseItemQuantityFromCartPage" time="8.739"/>
  <testcase classname="test.CartTest" name="removeItemFromCart" time="6.887"/>
  <testcase classname="test.CartTest" name="checkout" time="7.606"/>
</testsuite> <!-- Cart Crud Operations Test -->
