<?xml version="1.0" encoding="UTF-8"?>
<!-- Generated by org.testng.reporters.JUnitXMLReporter -->
<testsuite ignored="0" hostname="DESKTOP-4VC4PCR" failures="0" tests="6" name="Saved Items Test" time="96.72" errors="0" timestamp="2023-11-23T15:01:40 EET">
  <testcase classname="test.SavedItemsTest" name="signIn" time="17.095"/>
  <testcase classname="test.SavedItemsTest" name="saveItem" time="19.473"/>
  <testcase classname="test.SavedItemsTest" name="saveAnotherItem" time="22.42"/>
  <testcase classname="test.SavedItemsTest" name="openSavedItems" time="11.823"/>
  <testcase classname="test.SavedItemsTest" name="removeSavedItem" time="5.125"/>
  <testcase classname="test.SavedItemsTest" name="addSavedItemToCart" time="16.19"/>
</testsuite> <!-- Saved Items Test -->
