<?xml version="1.0" encoding="UTF-8"?>
<!-- Generated by org.testng.reporters.JUnitXMLReporter -->
<testsuite ignored="0" hostname="DESKTOP-4VC4PCR" failures="0" tests="5" name="Sign Out Test" time="23.999" errors="0" timestamp="2023-11-23T15:00:03 EET">
  <testcase classname="test.SignOutTest" name="closeNewsLetterPopup" time="0.1"/>
  <testcase classname="test.SignOutTest" name="accountSigninBtn" time="6.989"/>
  <testcase classname="test.SignOutTest" name="SignInUsingEmail" time="4.169"/>
  <testcase classname="test.SignOutTest" name="SignInPasswordField" time="3.934"/>
  <testcase classname="test.SignOutTest" name="signOutTest" time="4.46"/>
</testsuite> <!-- Sign Out Test -->
