<?xml version="1.0" encoding="UTF-8"?>
<!-- Generated by org.testng.reporters.JUnitXMLReporter -->
<testsuite ignored="0" hostname="DESKTOP-4VC4PCR" failures="0" tests="10" name="Sign In test" time="61.406" errors="0" timestamp="2023-11-23T14:59:39 EET">
  <testcase classname="test.SignInTest" name="closeNewsLetterPopup" time="0.19"/>
  <testcase classname="test.SignInTest" name="accountSigninBtn" time="6.993"/>
  <testcase classname="test.SignInTest" name="SignInUsingInvalidEmail1" time="3.379"/>
  <testcase classname="test.SignInTest" name="SignInUsingInvalidEmail2" time="3.962"/>
  <testcase classname="test.SignInTest" name="SignInUsingInvalidEmail3" time="4.112"/>
  <testcase classname="test.SignInTest" name="SignInUsingInvalidEmail4" time="3.316"/>
  <testcase classname="test.SignInTest" name="SignInUsingValidEmail" time="8.731"/>
  <testcase classname="test.SignInTest" name="SignInUsingInvalidPassword1" time="7.195"/>
  <testcase classname="test.SignInTest" name="SignInUsingInvalidPassword2" time="7.227"/>
  <testcase classname="test.SignInTest" name="SignInValidPasswordField" time="9.825"/>
</testsuite> <!-- Sign In test -->
